<?xml version="1.0" encoding="UTF-8"?>
<testsuites name="CURA_TestSuiteCollection_Total_Test Cases" time="0.022" tests="0" failures="0" errors="0"/>
